Files already downloaded and verified
Epoch	LearningRate	TrainLoss	TestLoss	TrainAcc.	TestAcc.	EndTime.
1	0.500000	4.037561	3.738248	7.484000	11.570000	03/05 17:51:10
2	0.500000	3.486736	3.231356	16.428000	21.500000	03/05 17:55:08
3	0.500000	2.917922	2.715034	26.692000	32.280000	03/05 17:59:06
4	0.500000	2.378714	2.417891	37.324000	37.920000	03/05 18:03:04
5	0.500000	2.042009	2.012903	44.848000	46.400000	03/05 18:07:03
6	0.500000	1.856125	1.994232	49.270000	47.790000	03/05 18:11:00
7	0.500000	1.711983	1.734735	52.506000	52.940000	03/05 18:14:58
8	0.500000	1.589439	1.722014	55.624000	53.080000	03/05 18:18:55
9	0.500000	1.534535	1.681834	56.958000	54.360000	03/05 18:22:52
10	0.500000	1.488532	1.512003	58.474000	57.930000	03/05 18:26:50
11	0.500000	1.430811	1.582400	59.788000	57.460000	03/05 18:30:47
12	0.500000	1.405419	1.438964	60.254000	59.760000	03/05 18:34:45
13	0.500000	1.350312	1.578113	61.688000	56.530000	03/05 18:38:41
14	0.500000	1.339157	1.477549	62.004000	59.600000	03/05 18:42:38
15	0.500000	1.305716	1.516999	62.562000	58.580000	03/05 18:46:35
16	0.500000	1.290672	1.485292	63.022000	59.900000	03/05 18:50:32
17	0.500000	1.272570	1.488448	63.878000	59.140000	03/05 18:54:29
18	0.500000	1.247701	1.506478	64.318000	59.120000	03/05 18:58:27
19	0.500000	1.252396	1.549714	64.030000	58.760000	03/05 19:02:25
20	0.500000	1.223759	1.449343	65.000000	60.670000	03/05 19:06:22
21	0.500000	1.226498	1.466734	65.012000	60.040000	03/05 19:10:19
22	0.500000	1.213419	1.466300	65.284000	60.080000	03/05 19:14:15
23	0.500000	1.212880	1.451456	65.314000	60.920000	03/05 19:18:11
24	0.500000	1.192761	1.363104	65.654000	62.370000	03/05 19:22:08
25	0.500000	1.187590	1.431247	65.944000	61.190000	03/05 19:26:05
26	0.500000	1.168986	1.441262	66.168000	60.380000	03/05 19:30:02
27	0.500000	1.174751	1.353074	65.898000	62.380000	03/05 19:33:58
28	0.500000	1.173236	1.407247	66.322000	61.820000	03/05 19:37:56
29	0.500000	1.184963	1.293520	65.772000	64.190000	03/05 19:41:53
30	0.500000	1.168013	1.220408	66.538000	64.880000	03/05 19:45:52
31	0.500000	1.177021	1.293189	66.258000	64.300000	03/05 19:49:50
32	0.500000	1.162580	1.409540	66.464000	61.550000	03/05 19:53:48
33	0.500000	1.151304	1.400999	66.770000	62.490000	03/05 19:57:45
34	0.500000	1.146619	1.411427	66.966000	62.190000	03/05 20:01:42
35	0.500000	1.156710	1.267895	66.764000	64.670000	03/05 20:05:40
36	0.500000	1.143716	1.320196	67.148000	63.520000	03/05 20:09:37
37	0.500000	1.132565	1.298622	67.384000	64.340000	03/05 20:13:34
38	0.500000	1.139282	1.326013	67.298000	62.730000	03/05 20:17:31
39	0.500000	1.146429	1.601645	66.860000	58.670000	03/05 20:21:27
40	0.500000	1.140573	1.328320	67.162000	62.970000	03/05 20:25:25
41	0.500000	1.158132	1.337146	66.702000	62.660000	03/05 20:29:22
42	0.500000	1.128588	1.275854	67.432000	64.650000	03/05 20:33:19
43	0.500000	1.139870	1.251820	67.104000	64.620000	03/05 20:37:15
44	0.500000	1.149523	1.459178	67.004000	60.700000	03/05 20:41:12
45	0.500000	1.117929	1.365727	67.794000	62.060000	03/05 20:45:10
46	0.500000	1.135418	1.494392	67.356000	60.150000	03/05 20:49:08
47	0.500000	1.126126	1.230355	67.470000	65.600000	03/05 20:53:04
48	0.500000	1.127168	1.389930	67.472000	63.480000	03/05 20:57:01
49	0.500000	1.113750	1.448801	67.562000	61.440000	03/05 21:00:58
50	0.500000	1.118382	1.244598	67.652000	65.300000	03/05 21:04:55
51	0.500000	1.137614	1.327328	66.880000	63.260000	03/05 21:08:52
52	0.500000	1.146194	1.697864	67.164000	57.190000	03/05 21:12:49
53	0.500000	1.119860	1.178681	67.660000	66.890000	03/05 21:16:45
54	0.500000	1.139664	1.504918	67.196000	60.090000	03/05 21:20:42
55	0.500000	1.132979	1.427028	67.438000	61.840000	03/05 21:24:38
56	0.500000	1.121671	1.201163	67.748000	66.110000	03/05 21:28:35
57	0.500000	1.116020	1.195158	67.946000	65.470000	03/05 21:32:31
58	0.500000	1.123250	1.283115	67.644000	64.450000	03/05 21:36:28
59	0.500000	1.116742	1.271162	67.800000	64.620000	03/05 21:40:25
60	0.500000	1.118900	1.307459	67.604000	63.350000	03/05 21:44:23
61	0.500000	1.119226	1.458967	67.800000	62.610000	03/05 21:48:19
62	0.500000	1.124366	1.456627	67.526000	61.370000	03/05 21:52:16
63	0.500000	1.121193	1.487456	67.818000	60.480000	03/05 21:56:12
64	0.500000	1.114650	1.268508	67.798000	65.310000	03/05 22:00:09
65	0.500000	1.115018	1.343675	67.942000	63.050000	03/05 22:04:06
66	0.500000	1.126700	1.133510	67.520000	66.990000	03/05 22:08:03
67	0.500000	1.129295	1.308396	67.734000	64.180000	03/05 22:11:59
68	0.500000	1.120703	1.217119	67.638000	65.550000	03/05 22:15:56
69	0.500000	1.118960	1.290323	67.828000	64.320000	03/05 22:19:52
70	0.500000	1.107398	1.271454	68.118000	65.010000	03/05 22:23:50
71	0.500000	1.119908	1.216150	67.768000	66.150000	03/05 22:27:46
72	0.500000	1.114556	1.346972	67.938000	63.970000	03/05 22:31:43
73	0.500000	1.105172	1.258269	68.098000	64.500000	03/05 22:35:40
74	0.500000	1.131844	1.309908	67.326000	64.300000	03/05 22:39:37
75	0.500000	1.134876	1.589054	67.288000	60.350000	03/05 22:43:34
76	0.500000	1.088052	1.346134	68.432000	62.810000	03/05 22:47:31
77	0.500000	1.096321	1.218054	68.402000	65.400000	03/05 22:51:27
78	0.500000	1.106443	1.363642	67.904000	62.220000	03/05 22:55:24
79	0.500000	1.124638	1.296240	67.418000	64.200000	03/05 22:59:21
80	0.500000	1.099522	1.290220	68.102000	65.190000	03/05 23:03:18
81	0.500000	1.105855	1.361803	68.104000	63.020000	03/05 23:07:15
82	0.500000	1.110711	1.322938	67.990000	63.440000	03/05 23:11:12
83	0.500000	1.122971	1.183929	67.624000	66.730000	03/05 23:15:08
84	0.500000	1.111696	1.244819	67.868000	65.710000	03/05 23:19:05
85	0.500000	1.107689	1.234433	68.132000	65.730000	03/05 23:23:02
86	0.500000	1.111953	1.221547	68.032000	65.200000	03/05 23:26:59
87	0.500000	1.105074	1.218176	68.074000	65.440000	03/05 23:30:55
88	0.500000	1.102205	1.233768	68.190000	65.660000	03/05 23:34:52
89	0.500000	1.122542	1.421443	67.582000	61.810000	03/05 23:38:47
90	0.500000	1.109744	1.271109	68.082000	64.940000	03/05 23:42:44
91	0.500000	1.114464	1.335223	67.868000	63.600000	03/05 23:46:40
92	0.500000	1.119303	1.304543	67.862000	63.740000	03/05 23:50:36
93	0.500000	1.124945	1.276698	67.378000	64.850000	03/05 23:54:33
94	0.500000	1.137642	1.270115	67.342000	64.210000	03/05 23:58:30
95	0.500000	1.105227	1.327484	68.066000	63.850000	03/06 00:02:26
96	0.500000	1.111610	1.295219	67.980000	64.000000	03/06 00:06:23
97	0.500000	1.119010	1.361064	67.580000	63.790000	03/06 00:10:19
98	0.500000	1.120844	1.249168	67.634000	65.090000	03/06 00:14:16
99	0.500000	1.124229	1.321786	67.538000	63.550000	03/06 00:18:13
100	0.500000	1.111718	1.277391	68.036000	65.500000	03/06 00:22:11
101	0.500000	1.109862	1.410560	67.904000	60.880000	03/06 00:26:08
102	0.500000	1.125512	1.217844	67.526000	65.520000	03/06 00:30:04
103	0.500000	1.104404	1.234274	67.782000	66.610000	03/06 00:34:01
104	0.500000	1.119514	1.337921	67.884000	63.750000	03/06 00:37:58
105	0.500000	1.121849	1.401397	67.766000	63.170000	03/06 00:41:55
106	0.500000	1.125972	1.358646	67.654000	63.340000	03/06 00:45:51
107	0.500000	1.129229	1.214599	67.624000	66.560000	03/06 00:49:48
108	0.500000	1.116447	1.279258	67.868000	64.870000	03/06 00:53:45
109	0.500000	1.123516	1.279706	67.182000	64.460000	03/06 00:57:42
110	0.500000	1.103958	1.353950	68.124000	62.320000	03/06 01:01:39
111	0.500000	1.109048	1.329339	67.834000	63.280000	03/06 01:05:36
112	0.500000	1.126076	1.265448	67.596000	64.890000	03/06 01:09:33
113	0.500000	1.110241	1.410750	67.906000	61.900000	03/06 01:13:30
114	0.500000	1.111951	1.362625	67.946000	62.790000	03/06 01:17:26
115	0.500000	1.114944	1.284425	67.896000	65.250000	03/06 01:21:23
116	0.500000	1.134104	1.242927	67.466000	65.390000	03/06 01:25:19
117	0.500000	1.124027	1.289430	67.496000	64.640000	03/06 01:29:15
118	0.500000	1.114845	1.181600	67.774000	66.260000	03/06 01:33:12
119	0.500000	1.129994	1.231851	67.378000	64.940000	03/06 01:37:09
120	0.500000	1.117815	1.437905	67.872000	61.600000	03/06 01:41:05
121	0.500000	1.136748	1.300481	67.364000	63.980000	03/06 01:45:02
122	0.500000	1.129042	1.284520	67.550000	64.930000	03/06 01:48:59
123	0.500000	1.116698	1.305963	67.716000	63.470000	03/06 01:52:57
124	0.500000	1.114895	1.364192	67.862000	62.870000	03/06 01:56:54
125	0.500000	1.126728	1.270639	67.352000	64.950000	03/06 02:00:51
126	0.500000	1.120406	1.198497	67.604000	66.100000	03/06 02:04:47
127	0.500000	1.105040	1.186852	68.082000	66.470000	03/06 02:08:43
128	0.500000	1.119482	1.216574	67.658000	65.410000	03/06 02:12:39
129	0.500000	1.112039	1.206875	67.826000	66.070000	03/06 02:16:36
130	0.500000	1.126541	1.264603	67.628000	64.690000	03/06 02:20:32
131	0.500000	1.129037	1.248885	67.246000	65.260000	03/06 02:24:28
132	0.500000	1.118400	1.288459	67.660000	64.430000	03/06 02:28:24
133	0.500000	1.124360	1.223448	67.530000	65.680000	03/06 02:32:20
134	0.500000	1.136015	1.443571	66.984000	62.680000	03/06 02:36:17
135	0.500000	1.120300	1.291343	67.672000	64.300000	03/06 02:40:15
136	0.500000	1.127851	1.305022	67.674000	64.290000	03/06 02:44:12
137	0.500000	1.143971	1.338688	66.856000	63.580000	03/06 02:48:09
138	0.500000	1.131811	1.306575	67.440000	63.580000	03/06 02:52:07
139	0.500000	1.120594	1.306707	67.554000	64.440000	03/06 02:56:03
140	0.500000	1.119237	1.206851	67.848000	66.360000	03/06 03:00:00
141	0.500000	1.121151	1.259389	67.836000	65.180000	03/06 03:03:57
142	0.500000	1.131432	1.366662	67.154000	63.460000	03/06 03:07:55
143	0.500000	1.121089	1.247606	67.786000	65.300000	03/06 03:11:52
144	0.500000	1.118683	1.241030	67.840000	65.810000	03/06 03:15:48
145	0.500000	1.125532	1.235790	67.334000	64.900000	03/06 03:19:46
146	0.500000	1.133132	1.275957	67.432000	64.440000	03/06 03:23:43
147	0.500000	1.113636	1.221583	67.858000	65.430000	03/06 03:27:40
148	0.500000	1.117233	1.352341	67.644000	62.880000	03/06 03:31:36
149	0.500000	1.132056	1.284256	67.266000	63.940000	03/06 03:35:33
150	0.500000	1.122790	1.354513	67.716000	63.400000	03/06 03:39:30
151	0.050000	0.729038	0.769085	78.262000	77.680000	03/06 03:43:26
152	0.050000	0.589870	0.722996	82.180000	78.880000	03/06 03:47:23
153	0.050000	0.541866	0.734607	83.446000	79.050000	03/06 03:51:20
154	0.050000	0.506758	0.705211	84.526000	79.390000	03/06 03:55:17
155	0.050000	0.483253	0.709789	85.012000	79.670000	03/06 03:59:13
156	0.050000	0.448528	0.715897	86.100000	80.020000	03/06 04:03:10
157	0.050000	0.442698	0.733797	86.202000	79.170000	03/06 04:07:07
158	0.050000	0.430459	0.711866	86.518000	79.830000	03/06 04:11:04
159	0.050000	0.407882	0.739993	87.168000	79.890000	03/06 04:15:00
160	0.050000	0.400851	0.744784	87.314000	79.460000	03/06 04:18:57
161	0.050000	0.390645	0.716916	87.940000	80.180000	03/06 04:22:53
162	0.050000	0.378246	0.732524	88.134000	80.360000	03/06 04:26:50
163	0.050000	0.376556	0.719790	88.054000	80.520000	03/06 04:30:47
164	0.050000	0.348542	0.736597	88.902000	79.930000	03/06 04:34:44
165	0.050000	0.373271	0.744196	88.286000	80.220000	03/06 04:38:40
166	0.050000	0.344385	0.748106	89.076000	79.950000	03/06 04:42:36
167	0.050000	0.346945	0.747192	89.100000	79.930000	03/06 04:46:32
168	0.050000	0.346588	0.754068	89.080000	79.800000	03/06 04:50:28
169	0.050000	0.355965	0.803579	88.790000	78.920000	03/06 04:54:24
170	0.050000	0.340396	0.762206	89.096000	79.800000	03/06 04:58:20
171	0.050000	0.345292	0.815790	89.084000	78.830000	03/06 05:02:16
172	0.050000	0.338569	0.758321	89.364000	79.870000	03/06 05:06:12
173	0.050000	0.352710	0.760737	88.990000	79.920000	03/06 05:10:08
174	0.050000	0.354720	0.773518	88.686000	79.240000	03/06 05:14:03
175	0.050000	0.337153	0.787471	89.286000	79.270000	03/06 05:18:00
176	0.050000	0.349048	0.755856	88.892000	79.170000	03/06 05:21:56
177	0.050000	0.326106	0.758357	89.516000	79.430000	03/06 05:25:53
178	0.050000	0.335915	0.765394	89.432000	79.500000	03/06 05:29:49
179	0.050000	0.349718	0.778701	88.876000	79.480000	03/06 05:33:45
180	0.050000	0.339303	0.787124	89.272000	79.030000	03/06 05:37:41
181	0.050000	0.337207	0.800849	89.360000	79.530000	03/06 05:41:37
182	0.050000	0.350382	0.808349	88.744000	78.390000	03/06 05:45:34
183	0.050000	0.345222	0.783299	89.130000	79.030000	03/06 05:49:30
184	0.050000	0.348925	0.754323	88.892000	79.610000	03/06 05:53:26
185	0.050000	0.340567	0.782383	89.156000	79.780000	03/06 05:57:23
186	0.050000	0.352765	0.777756	88.916000	79.470000	03/06 06:01:18
187	0.050000	0.363118	0.849958	88.610000	77.690000	03/06 06:05:15
188	0.050000	0.338819	0.828747	89.308000	78.630000	03/06 06:09:12
189	0.050000	0.346890	0.813790	89.090000	78.920000	03/06 06:13:08
190	0.050000	0.350745	0.794177	88.878000	79.210000	03/06 06:17:04
191	0.050000	0.336799	0.855204	89.454000	78.070000	03/06 06:21:00
192	0.050000	0.336920	0.812432	89.276000	78.710000	03/06 06:24:57
193	0.050000	0.357079	0.815328	88.638000	78.570000	03/06 06:28:53
194	0.050000	0.349406	0.794363	89.088000	79.120000	03/06 06:32:49
195	0.050000	0.349817	0.806739	89.030000	78.860000	03/06 06:36:46
196	0.050000	0.337653	0.841606	89.344000	78.800000	03/06 06:40:41
197	0.050000	0.347820	0.786763	89.004000	79.560000	03/06 06:44:37
198	0.050000	0.364926	0.785058	88.456000	78.960000	03/06 06:48:33
199	0.050000	0.377322	0.820202	88.216000	78.370000	03/06 06:52:29
200	0.050000	0.370474	0.846827	88.320000	78.440000	03/06 06:56:25
201	0.050000	0.348247	0.813566	89.128000	78.850000	03/06 07:00:21
202	0.050000	0.351719	0.858623	88.958000	78.150000	03/06 07:04:17
203	0.050000	0.329156	0.796648	89.598000	79.630000	03/06 07:08:12
204	0.050000	0.330381	0.839422	89.688000	78.890000	03/06 07:12:08
205	0.050000	0.348318	0.869874	89.022000	77.620000	03/06 07:16:05
206	0.050000	0.340707	0.784884	89.288000	79.330000	03/06 07:20:02
207	0.050000	0.342379	0.793380	89.240000	78.780000	03/06 07:23:58
208	0.050000	0.325133	0.802317	89.812000	79.050000	03/06 07:27:55
209	0.050000	0.343477	0.866428	89.326000	77.900000	03/06 07:31:52
210	0.050000	0.348465	0.795792	89.034000	79.390000	03/06 07:35:49
211	0.050000	0.356039	0.818887	88.790000	78.410000	03/06 07:39:45
212	0.050000	0.353004	0.836482	88.874000	78.850000	03/06 07:43:42
213	0.050000	0.344691	0.814118	89.228000	79.020000	03/06 07:47:38
214	0.050000	0.330994	0.805763	89.504000	79.260000	03/06 07:51:34
215	0.050000	0.347700	0.809803	89.148000	79.030000	03/06 07:55:31
216	0.050000	0.336573	0.833233	89.496000	78.680000	03/06 07:59:27
217	0.050000	0.330051	0.821350	89.510000	78.630000	03/06 08:03:24
218	0.050000	0.317657	0.851534	90.106000	78.360000	03/06 08:07:20
219	0.050000	0.328076	0.838237	89.698000	78.640000	03/06 08:11:16
220	0.050000	0.317997	0.829605	90.044000	78.740000	03/06 08:15:13
221	0.050000	0.332616	0.784502	89.628000	79.800000	03/06 08:19:09
222	0.050000	0.333361	0.839588	89.496000	78.360000	03/06 08:23:05
223	0.050000	0.343556	0.833317	89.104000	78.860000	03/06 08:27:01
224	0.050000	0.345729	0.775636	89.168000	79.910000	03/06 08:30:57
225	0.050000	0.328826	0.835171	89.614000	78.980000	03/06 08:34:53
226	0.005000	0.212366	0.666394	93.622000	82.610000	03/06 08:38:49
227	0.005000	0.176958	0.664065	94.750000	82.960000	03/06 08:42:46
228	0.005000	0.160540	0.668549	95.294000	82.830000	03/06 08:46:42
229	0.005000	0.142519	0.658035	95.762000	83.100000	03/06 08:50:38
230	0.005000	0.146687	0.670432	95.744000	83.280000	03/06 08:54:35
231	0.005000	0.141622	0.652242	95.886000	83.330000	03/06 08:58:31
232	0.005000	0.141766	0.669689	95.858000	83.060000	03/06 09:02:27
233	0.005000	0.137388	0.659304	96.060000	83.340000	03/06 09:06:23
234	0.005000	0.121181	0.659260	96.540000	83.540000	03/06 09:10:19
235	0.005000	0.123274	0.666229	96.494000	83.300000	03/06 09:14:15
236	0.005000	0.124721	0.679144	96.408000	83.230000	03/06 09:18:10
237	0.005000	0.133401	0.666995	96.108000	83.310000	03/06 09:22:06
238	0.005000	0.120588	0.666567	96.556000	83.580000	03/06 09:26:02
239	0.005000	0.123260	0.673478	96.418000	83.550000	03/06 09:29:58
240	0.005000	0.125531	0.665750	96.422000	83.510000	03/06 09:33:55
241	0.005000	0.118857	0.668677	96.634000	83.310000	03/06 09:37:51
242	0.005000	0.119721	0.667726	96.586000	83.510000	03/06 09:41:47
243	0.005000	0.116402	0.658127	96.728000	83.540000	03/06 09:45:43
244	0.005000	0.118407	0.677308	96.678000	83.440000	03/06 09:49:39
245	0.005000	0.110389	0.671409	96.878000	83.280000	03/06 09:53:35
246	0.005000	0.114165	0.684460	96.760000	83.600000	03/06 09:57:31
247	0.005000	0.105335	0.666583	97.022000	83.350000	03/06 10:01:26
248	0.005000	0.119211	0.665005	96.514000	83.570000	03/06 10:05:22
249	0.005000	0.114079	0.683475	96.764000	83.610000	03/06 10:09:18
250	0.005000	0.111764	0.671445	96.904000	83.720000	03/06 10:13:15
251	0.005000	0.115418	0.673043	96.712000	83.600000	03/06 10:17:11
252	0.005000	0.102345	0.657897	97.116000	83.740000	03/06 10:21:07
253	0.005000	0.108393	0.676057	96.924000	83.500000	03/06 10:25:04
254	0.005000	0.102276	0.688689	97.104000	83.490000	03/06 10:29:00
255	0.005000	0.105671	0.681970	97.044000	83.520000	03/06 10:32:57
256	0.005000	0.100297	0.675291	97.232000	83.690000	03/06 10:36:53
257	0.005000	0.100731	0.675934	97.194000	83.730000	03/06 10:40:49
258	0.005000	0.109103	0.685913	96.948000	83.830000	03/06 10:44:45
259	0.005000	0.099114	0.688013	97.218000	83.580000	03/06 10:48:41
260	0.005000	0.104029	0.676652	97.054000	83.540000	03/06 10:52:37
261	0.005000	0.096025	0.682100	97.320000	83.610000	03/06 10:56:32
262	0.005000	0.105484	0.685605	97.132000	83.680000	03/06 11:00:28
263	0.005000	0.105402	0.690103	97.132000	83.480000	03/06 11:04:24
264	0.005000	0.098061	0.667818	97.312000	83.550000	03/06 11:08:21
265	0.005000	0.091392	0.683718	97.434000	83.580000	03/06 11:12:18
266	0.005000	0.098912	0.689018	97.260000	83.740000	03/06 11:16:13
267	0.005000	0.096055	0.676519	97.426000	83.830000	03/06 11:20:07
268	0.005000	0.090012	0.679248	97.594000	83.700000	03/06 11:24:01
269	0.005000	0.093825	0.678231	97.362000	83.570000	03/06 11:27:57
270	0.005000	0.088239	0.694100	97.588000	83.670000	03/06 11:31:55
271	0.005000	0.092616	0.676839	97.428000	83.850000	03/06 11:35:49
272	0.005000	0.099840	0.680295	97.254000	83.600000	03/06 11:39:48
273	0.005000	0.087257	0.684531	97.602000	83.690000	03/06 11:43:47
274	0.005000	0.099438	0.673386	97.200000	83.720000	03/06 11:47:45
275	0.005000	0.093319	0.702549	97.326000	83.610000	03/06 11:51:43
276	0.005000	0.100858	0.696779	97.194000	83.550000	03/06 11:55:41
277	0.005000	0.096938	0.674310	97.204000	83.700000	03/06 11:59:39
278	0.005000	0.085810	0.692913	97.640000	83.910000	03/06 12:03:37
279	0.005000	0.098412	0.687283	97.248000	83.800000	03/06 12:07:35
280	0.005000	0.097812	0.696790	97.272000	83.860000	03/06 12:11:34
281	0.005000	0.098279	0.692679	97.318000	83.760000	03/06 12:15:32
282	0.005000	0.091221	0.685330	97.482000	83.600000	03/06 12:19:30
283	0.005000	0.093822	0.689659	97.312000	83.890000	03/06 12:23:25
284	0.005000	0.087311	0.689819	97.596000	83.830000	03/06 12:27:25
285	0.005000	0.097673	0.689510	97.310000	83.780000	03/06 12:31:19
286	0.005000	0.092912	0.688392	97.414000	83.660000	03/06 12:35:12
287	0.005000	0.088990	0.694901	97.522000	83.420000	03/06 12:39:06
288	0.005000	0.093766	0.687874	97.438000	83.680000	03/06 12:43:05
289	0.005000	0.089601	0.695568	97.518000	83.490000	03/06 12:46:58
290	0.005000	0.092342	0.693671	97.410000	83.520000	03/06 12:50:52
291	0.005000	0.087598	0.689534	97.532000	83.400000	03/06 12:54:47
292	0.005000	0.093469	0.690217	97.372000	83.550000	03/06 12:58:45
293	0.005000	0.089481	0.706290	97.556000	83.610000	03/06 13:02:40
294	0.005000	0.091502	0.678651	97.560000	83.810000	03/06 13:06:34
295	0.005000	0.089139	0.689470	97.528000	83.850000	03/06 13:10:31
296	0.005000	0.082311	0.690716	97.776000	83.780000	03/06 13:14:24
297	0.005000	0.090602	0.690660	97.480000	83.740000	03/06 13:18:21
298	0.005000	0.093709	0.697018	97.414000	83.590000	03/06 13:22:19
299	0.005000	0.092995	0.694267	97.412000	83.750000	03/06 13:26:16
300	0.005000	0.093766	0.703813	97.354000	83.570000	03/06 13:30:11
